2018-01-16 23:18:19,327 +0530 [main] INFO  (Version.java:15) - Hibernate Annotations 3.3.0.GA
2018-01-16 23:18:19,339 +0530 [main] INFO  (Environment.java:514) - Hibernate 3.2.5
2018-01-16 23:18:19,342 +0530 [main] INFO  (Environment.java:547) - hibernate.properties not found
2018-01-16 23:18:19,344 +0530 [main] INFO  (Environment.java:681) - Bytecode provider name : cglib
2018-01-16 23:18:19,347 +0530 [main] INFO  (Environment.java:598) - using JDK 1.4 java.sql.Timestamp handling
2018-01-16 23:18:19,392 +0530 [main] INFO  (Configuration.java:1426) - configuring from resource: /hibernate.cfg.xml
2018-01-16 23:18:19,393 +0530 [main] INFO  (Configuration.java:1403) - Configuration resource: /hibernate.cfg.xml
2018-01-16 23:18:19,516 +0530 [main] INFO  (Configuration.java:1541) - Configured SessionFactory: null
2018-01-16 23:18:19,569 +0530 [main] INFO  (AnnotationBinder.java:398) - Binding entity from annotated class: com.jlcindia.hibernate.Customer
2018-01-16 23:18:19,599 +0530 [main] INFO  (EntityBinder.java:420) - Bind entity com.jlcindia.hibernate.Customer on table customers
2018-01-16 23:18:19,663 +0530 [main] INFO  (AnnotationBinder.java:398) - Binding entity from annotated class: com.jlcindia.hibernate.Request
2018-01-16 23:18:19,663 +0530 [main] INFO  (EntityBinder.java:420) - Bind entity com.jlcindia.hibernate.Request on table requests
2018-01-16 23:18:19,746 +0530 [main] INFO  (CollectionBinder.java:627) - Mapping collection: com.jlcindia.hibernate.Customer.requests -> requests
2018-01-16 23:18:19,751 +0530 [main] INFO  (Version.java:17) - Hibernate Validator 3.0.0.GA
2018-01-16 23:18:19,767 +0530 [main] INFO  (DriverManagerConnectionProvider.java:41) - Using Hibernate built-in connection pool (not for production use!)
2018-01-16 23:18:19,768 +0530 [main] INFO  (DriverManagerConnectionProvider.java:42) - Hibernate connection pool size: 20
2018-01-16 23:18:19,768 +0530 [main] INFO  (DriverManagerConnectionProvider.java:45) - autocommit mode: false
2018-01-16 23:18:19,773 +0530 [main] INFO  (DriverManagerConnectionProvider.java:80) - using driver: com.mysql.jdbc.Driver at URL: jdbc:mysql://localhost:3306/jlcdb
2018-01-16 23:18:19,773 +0530 [main] INFO  (DriverManagerConnectionProvider.java:86) - connection properties: {user=root, password=****}
2018-01-16 23:18:19,887 +0530 [main] INFO  (SettingsFactory.java:89) - RDBMS: MySQL, version: 5.5.1-m2-community
2018-01-16 23:18:19,887 +0530 [main] INFO  (SettingsFactory.java:90) - JDBC driver: MySQL-AB JDBC Driver, version: mysql-connector-java-3.0.14-production ( $Date: 2004/04/24 15:49:43 $, $Revision: 1.27.2.39 $ )
2018-01-16 23:18:19,898 +0530 [main] INFO  (Dialect.java:152) - Using dialect: org.hibernate.dialect.MySQLDialect
2018-01-16 23:18:19,901 +0530 [main] INFO  (TransactionFactoryFactory.java:31) - Using default transaction strategy (direct JDBC transactions)
2018-01-16 23:18:19,903 +0530 [main] INFO  (TransactionManagerLookupFactory.java:33) - No TransactionManagerLookup configured (in JTA environment, use of read-write or transactional second-level cache is not recommended)
2018-01-16 23:18:19,903 +0530 [main] INFO  (SettingsFactory.java:143) - Automatic flush during beforeCompletion(): disabled
2018-01-16 23:18:19,903 +0530 [main] INFO  (SettingsFactory.java:147) - Automatic session close at end of transaction: disabled
2018-01-16 23:18:19,903 +0530 [main] INFO  (SettingsFactory.java:154) - JDBC batch size: 15
2018-01-16 23:18:19,903 +0530 [main] INFO  (SettingsFactory.java:157) - JDBC batch updates for versioned data: disabled
2018-01-16 23:18:19,904 +0530 [main] INFO  (SettingsFactory.java:162) - Scrollable result sets: enabled
2018-01-16 23:18:19,904 +0530 [main] INFO  (SettingsFactory.java:170) - JDBC3 getGeneratedKeys(): enabled
2018-01-16 23:18:19,904 +0530 [main] INFO  (SettingsFactory.java:178) - Connection release mode: auto
2018-01-16 23:18:19,905 +0530 [main] INFO  (SettingsFactory.java:202) - Maximum outer join fetch depth: 2
2018-01-16 23:18:19,905 +0530 [main] INFO  (SettingsFactory.java:205) - Default batch fetch size: 1
2018-01-16 23:18:19,905 +0530 [main] INFO  (SettingsFactory.java:209) - Generate SQL with comments: disabled
2018-01-16 23:18:19,906 +0530 [main] INFO  (SettingsFactory.java:213) - Order SQL updates by primary key: disabled
2018-01-16 23:18:19,906 +0530 [main] INFO  (SettingsFactory.java:217) - Order SQL inserts for batching: disabled
2018-01-16 23:18:19,906 +0530 [main] INFO  (SettingsFactory.java:386) - Query translator: org.hibernate.hql.ast.ASTQueryTranslatorFactory
2018-01-16 23:18:19,914 +0530 [main] INFO  (ASTQueryTranslatorFactory.java:24) - Using ASTQueryTranslatorFactory
2018-01-16 23:18:19,914 +0530 [main] INFO  (SettingsFactory.java:225) - Query language substitutions: {}
2018-01-16 23:18:19,914 +0530 [main] INFO  (SettingsFactory.java:230) - JPA-QL strict compliance: disabled
2018-01-16 23:18:19,915 +0530 [main] INFO  (SettingsFactory.java:235) - Second-level cache: enabled
2018-01-16 23:18:19,915 +0530 [main] INFO  (SettingsFactory.java:239) - Query cache: disabled
2018-01-16 23:18:19,915 +0530 [main] INFO  (SettingsFactory.java:373) - Cache provider: org.hibernate.cache.NoCacheProvider
2018-01-16 23:18:19,915 +0530 [main] INFO  (SettingsFactory.java:254) - Optimize cache for minimal puts: disabled
2018-01-16 23:18:19,915 +0530 [main] INFO  (SettingsFactory.java:263) - Structured second-level cache entries: disabled
2018-01-16 23:18:19,918 +0530 [main] INFO  (SettingsFactory.java:283) - Echoing all SQL to stdout
2018-01-16 23:18:19,919 +0530 [main] INFO  (SettingsFactory.java:290) - Statistics: disabled
2018-01-16 23:18:19,919 +0530 [main] INFO  (SettingsFactory.java:294) - Deleted entity synthetic identifier rollback: disabled
2018-01-16 23:18:19,919 +0530 [main] INFO  (SettingsFactory.java:309) - Default entity-mode: pojo
2018-01-16 23:18:19,919 +0530 [main] INFO  (SettingsFactory.java:313) - Named query checking : enabled
2018-01-16 23:18:19,951 +0530 [main] INFO  (SessionFactoryImpl.java:161) - building session factory
2018-01-16 23:18:20,151 +0530 [main] INFO  (SessionFactoryObjectFactory.java:82) - Not binding factory to JNDI, no JNDI name configured
2018-01-16 23:18:20,157 +0530 [main] INFO  (SchemaExport.java:154) - Running hbm2ddl schema export
2018-01-16 23:18:20,157 +0530 [main] INFO  (SchemaExport.java:179) - exporting generated schema to database
2018-01-16 23:18:20,803 +0530 [main] INFO  (SchemaExport.java:196) - schema export complete
